<?xml version="1.0" encoding="UTF-8"?>
<!-- Generated by org.testng.reporters.JUnitReportReporter -->
<testsuite hostname="DESKTOP-LL6TH46" failures="0" tests="1" name="testCases.CategoryTest" time="25.999" errors="0" timestamp="2025-01-27T22:36:24 IST" skipped="0">
  <testcase classname="testCases.CategoryTest" name="searchTheCategory" time="25.999"/>
</testsuite> <!-- testCases.CategoryTest -->
