<?xml version="1.0" encoding="UTF-8"?>
<!-- Generated by org.testng.reporters.JUnitReportReporter -->
<testsuite hostname="DESKTOP-LL6TH46" failures="0" tests="2" name="testCases.LoginTest" time="64.010" errors="0" timestamp="2025-01-29T07:08:56 IST" skipped="0">
  <testcase classname="testCases.LoginTest" name="userLoginWithValidUsernameAndValidPassword" time="20.990"/>
  <testcase classname="testCases.LoginTest" name="userLoginWithValidUsernameAndInValidPassword" time="43.020"/>
</testsuite> <!-- testCases.LoginTest -->
