<?xml version="1.0" encoding="UTF-8"?>
<!-- Generated by org.testng.reporters.JUnitReportReporter -->
<testsuite hostname="DESKTOP-LL6TH46" failures="0" tests="1" name="testCases.SubCategoryTest" time="35.129" errors="0" timestamp="2025-01-29T06:19:19 IST" skipped="0">
  <testcase classname="testCases.SubCategoryTest" name="addSubCategory" time="35.129"/>
</testsuite> <!-- testCases.SubCategoryTest -->
