<?xml version="1.0" encoding="UTF-8"?>
<!-- Generated by org.testng.reporters.JUnitReportReporter -->
<testsuite hostname="DESKTOP-LL6TH46" failures="0" tests="1" name="testCases.ManageNewsTest" time="15.705" errors="0" timestamp="2025-01-27T22:51:32 IST" skipped="0">
  <testcase classname="testCases.ManageNewsTest" name="addingTheNews" time="15.705"/>
</testsuite> <!-- testCases.ManageNewsTest -->
